# JRE version: OpenJDK Runtime Environment (17.0.6) (build 17.0.6+0-b2043.56-9586694)
# Java VM: OpenJDK 64-Bit Server VM (17.0.6+0-b2043.56-9586694, mixed mode, tiered, compressed oops, compressed class ptrs, g1 gc, windows-amd64)
GC Precious Log:
 CPUs: 4 total, 4 available
 Memory: 16275M
 Large Page Support: Disabled
 NUMA Support: Disabled
 Compressed Oops: Enabled (32-bit)
 Heap Region Size: 1M
 Heap Min Capacity: 128M
 Heap Initial Capacity: 128M
 Heap Max Capacity: 1500M
 Pre-touch: Disabled
 Parallel Workers: 4
 Concurrent Workers: 1
 Concurrent Refinement Workers: 4
 Periodic GC: Disabled
Heap:
 garbage-first heap   total 157696K, used 112970K [0x00000000a2400000, 0x0000000100000000)
  region size 1024K, 34 young (34816K), 7 survivors (7168K)
 Metaspace       used 84233K, committed 85056K, reserved 1130496K
  class space    used 11652K, committed 11968K, reserved 1048576K
GC Heap History (20 events):
Event: 7.949 GC heap before
{Heap before GC invocations=10 (full 0):
 garbage-first heap   total 131072K, used 93656K [0x00000000a2400000, 0x0000000100000000)
  region size 1024K, 71 young (72704K), 10 survivors (10240K)
 Metaspace       used 50720K, committed 51136K, reserved 1097728K
  class space    used 6702K, committed 6848K, reserved 1048576K
}
Event: 7.974 GC heap after
{Heap after GC invocations=11 (full 0):
 garbage-first heap   total 131072K, used 35550K [0x00000000a2400000, 0x0000000100000000)
  region size 1024K, 5 young (5120K), 5 survivors (5120K)
 Metaspace       used 50720K, committed 51136K, reserved 1097728K
  class space    used 6702K, committed 6848K, reserved 1048576K
}
Event: 9.712 GC heap before
{Heap before GC invocations=11 (full 0):
 garbage-first heap   total 131072K, used 101086K [0x00000000a2400000, 0x0000000100000000)
  region size 1024K, 66 young (67584K), 5 survivors (5120K)
 Metaspace       used 55565K, committed 56128K, reserved 1097728K
  class space    used 7401K, committed 7616K, reserved 1048576K
}
Event: 9.727 GC heap after
{Heap after GC invocations=12 (full 0):
 garbage-first heap   total 131072K, used 48128K [0x00000000a2400000, 0x0000000100000000)
  region size 1024K, 9 young (9216K), 9 survivors (9216K)
 Metaspace       used 55565K, committed 56128K, reserved 1097728K
  class space    used 7401K, committed 7616K, reserved 1048576K
}
Event: 10.376 GC heap before
{Heap before GC invocations=12 (full 0):
 garbage-first heap   total 131072K, used 74752K [0x00000000a2400000, 0x0000000100000000)
  region size 1024K, 36 young (36864K), 9 survivors (9216K)
 Metaspace       used 59663K, committed 60096K, reserved 1105920K
  class space    used 7942K, committed 8128K, reserved 1048576K
}
Event: 10.384 GC heap after
{Heap after GC invocations=13 (full 0):
 garbage-first heap   total 131072K, used 49595K [0x00000000a2400000, 0x0000000100000000)
  region size 1024K, 2 young (2048K), 2 survivors (2048K)
 Metaspace       used 59663K, committed 60096K, reserved 1105920K
  class space    used 7942K, committed 8128K, reserved 1048576K
}
Event: 11.556 GC heap before
{Heap before GC invocations=14 (full 0):
 garbage-first heap   total 131072K, used 99771K [0x00000000a2400000, 0x0000000100000000)
  region size 1024K, 52 young (53248K), 2 survivors (2048K)
 Metaspace       used 65811K, committed 66304K, reserved 1114112K
  class space    used 8675K, committed 8896K, reserved 1048576K
}
Event: 11.563 GC heap after
{Heap after GC invocations=15 (full 0):
 garbage-first heap   total 131072K, used 52811K [0x00000000a2400000, 0x0000000100000000)
  region size 1024K, 5 young (5120K), 5 survivors (5120K)
 Metaspace       used 65811K, committed 66304K, reserved 1114112K
  class space    used 8675K, committed 8896K, reserved 1048576K
}
Event: 12.496 GC heap before
{Heap before GC invocations=16 (full 0):
 garbage-first heap   total 131072K, used 102987K [0x00000000a2400000, 0x0000000100000000)
  region size 1024K, 53 young (54272K), 5 survivors (5120K)
 Metaspace       used 69593K, committed 70144K, reserved 1114112K
  class space    used 9212K, committed 9472K, reserved 1048576K
}
Event: 12.506 GC heap after
{Heap after GC invocations=17 (full 0):
 garbage-first heap   total 131072K, used 55830K [0x00000000a2400000, 0x0000000100000000)
  region size 1024K, 3 young (3072K), 3 survivors (3072K)
 Metaspace       used 69593K, committed 70144K, reserved 1114112K
  class space    used 9212K, committed 9472K, reserved 1048576K
}
Event: 13.280 GC heap before
{Heap before GC invocations=17 (full 0):
 garbage-first heap   total 131072K, used 103958K [0x00000000a2400000, 0x0000000100000000)
  region size 1024K, 50 young (51200K), 3 survivors (3072K)
 Metaspace       used 71645K, committed 72256K, reserved 1114112K
  class space    used 9503K, committed 9728K, reserved 1048576K
}
Event: 13.292 GC heap after
{Heap after GC invocations=18 (full 0):
 garbage-first heap   total 131072K, used 62656K [0x00000000a2400000, 0x0000000100000000)
  region size 1024K, 7 young (7168K), 7 survivors (7168K)
 Metaspace       used 71645K, committed 72256K, reserved 1114112K
  class space    used 9503K, committed 9728K, reserved 1048576K
}
Event: 13.747 GC heap before
{Heap before GC invocations=18 (full 0):
 garbage-first heap   total 131072K, used 103616K [0x00000000a2400000, 0x0000000100000000)
  region size 1024K, 47 young (48128K), 7 survivors (7168K)
 Metaspace       used 73197K, committed 73792K, reserved 1114112K
  class space    used 9735K, committed 9984K, reserved 1048576K
}
Event: 13.765 GC heap after
{Heap after GC invocations=19 (full 0):
 garbage-first heap   total 157696K, used 66981K [0x00000000a2400000, 0x0000000100000000)
  region size 1024K, 4 young (4096K), 4 survivors (4096K)
 Metaspace       used 73197K, committed 73792K, reserved 1114112K
  class space    used 9735K, committed 9984K, reserved 1048576K
}
Event: 14.804 GC heap before
{Heap before GC invocations=19 (full 0):
 garbage-first heap   total 157696K, used 124325K [0x00000000a2400000, 0x0000000100000000)
  region size 1024K, 60 young (61440K), 4 survivors (4096K)
 Metaspace       used 78167K, committed 78720K, reserved 1122304K
  class space    used 10595K, committed 10816K, reserved 1048576K
}
Event: 14.818 GC heap after
{Heap after GC invocations=20 (full 0):
 garbage-first heap   total 157696K, used 72278K [0x00000000a2400000, 0x0000000100000000)
  region size 1024K, 8 young (8192K), 8 survivors (8192K)
 Metaspace       used 78167K, committed 78720K, reserved 1122304K
  class space    used 10595K, committed 10816K, reserved 1048576K
}
Event: 15.790 GC heap before
{Heap before GC invocations=20 (full 0):
 garbage-first heap   total 157696K, used 125526K [0x00000000a2400000, 0x0000000100000000)
  region size 1024K, 60 young (61440K), 8 survivors (8192K)
 Metaspace       used 79847K, committed 80576K, reserved 1122304K
  class space    used 10859K, committed 11136K, reserved 1048576K
}
Event: 15.807 GC heap after
{Heap after GC invocations=21 (full 0):
 garbage-first heap   total 157696K, used 80677K [0x00000000a2400000, 0x0000000100000000)
  region size 1024K, 8 young (8192K), 8 survivors (8192K)
 Metaspace       used 79847K, committed 80576K, reserved 1122304K
  class space    used 10859K, committed 11136K, reserved 1048576K
}
Event: 16.656 GC heap before
{Heap before GC invocations=21 (full 0):
 garbage-first heap   total 157696K, used 125733K [0x00000000a2400000, 0x0000000100000000)
  region size 1024K, 52 young (53248K), 8 survivors (8192K)
 Metaspace       used 81994K, committed 82816K, reserved 1122304K
  class space    used 11228K, committed 11584K, reserved 1048576K
}
Event: 16.683 GC heap after
{Heap after GC invocations=22 (full 0):
 garbage-first heap   total 157696K, used 87370K [0x00000000a2400000, 0x0000000100000000)
  region size 1024K, 7 young (7168K), 7 survivors (7168K)
 Metaspace       used 81994K, committed 82816K, reserved 1122304K
  class space    used 11228K, committed 11584K, reserved 1048576K
}

